=== Error Log: 2025-04-15 14:24:31 ===

Location: core.window.run:251
Context: Fatal error in run method
Error Type: RuntimeError
Error Message: There was an error compiling the shader:
ERROR: 0:1: '' :  #version required and missing.
ERROR: 0:1: 'version' : syntax error: syntax error


Traceback:
Traceback (most recent call last):
  File "/Users/jethroaiyesan/Programming/Python-Gravity-Sim/core/window.py", line 192, in run
    self.initialize()
  File "/Users/jethroaiyesan/Programming/Python-Gravity-Sim/tests/test4.py", line 58, in initialize
    self.compile = CompileShader([("shaders/vert_shader.vert", "vertex shader"),
                  ^^^^^^^^^^^^^^^^^^^^^^^^^^^^^^^^^^^^^^^^^^^^^^^^^^^^^^^^^^^^^
  File "/Users/jethroaiyesan/Programming/Python-Gravity-Sim/core/compile_shader.py", line 27, in __init__
    self.link_program()
  File "/Users/jethroaiyesan/Programming/Python-Gravity-Sim/core/compile_shader.py", line 62, in link_program
    shader_id = self.init_shader(shader_source, GL_FRAGMENT_SHADER)
                ^^^^^^^^^^^^^^^^^^^^^^^^^^^^^^^^^^^^^^^^^^^^^^^^^^^
  File "/Users/jethroaiyesan/Programming/Python-Gravity-Sim/core/compile_shader.py", line 50, in init_shader
    raise error
RuntimeError: There was an error compiling the shader:
ERROR: 0:1: '' :  #version required and missing.
ERROR: 0:1: 'version' : syntax error: syntax error

